<?xml version="1.0" encoding="UTF-8"?>
<!-- Generated by org.testng.reporters.JUnitXMLReporter -->
<testsuite ignored="0" hostname="Aastha" failures="0" tests="4" name="Test1" time="33.823" errors="0" timestamp="2024-07-15T08:49:17 IST">
  <testcase classname="Flipkart.TestCasesFlipkart" name="categoriesBelowSearch" time="0.084"/>
  <testcase classname="Flipkart.TestCasesFlipkart" name="searchAndOpenProduct" time="6.153"/>
  <testcase classname="Flipkart.TestCasesFlipkart" name="checkCompareModalAndSelectedDevice" time="0.277"/>
  <testcase classname="Flipkart.TestCasesFlipkart" name="addMoreProductsAndFetchRatings" time="9.614"/>
</testsuite> <!-- Test1 -->
