<?xml version="1.0" encoding="UTF-8"?>
<!-- Generated by org.testng.reporters.JUnitXMLReporter -->
<testsuite ignored="0" hostname="Aastha" failures="0" tests="4" name="Test1" time="21.316" errors="0" timestamp="2024-07-14T23:33:12 IST">
  <testcase classname="Flipkart.TestCasesFlipkart" name="categoriesBelowSearch" time="0.062"/>
  <testcase classname="Flipkart.TestCasesFlipkart" name="searchAndOpenProduct" time="4.315"/>
  <testcase classname="Flipkart.TestCasesFlipkart" name="checkCompareModalAndSelectedDevice" time="0.308"/>
  <testcase classname="Flipkart.TestCasesFlipkart" name="addMoreProductsAndFetchRatings" time="9.614"/>
</testsuite> <!-- Test1 -->
