<?xml version="1.0" encoding="UTF-8"?>
<testng-results ignored="0" total="4" passed="4" failed="0" skipped="0">
  <reporter-output>
  </reporter-output>
  <suite started-at="2024-07-15T08:48:42 IST" name="Suite1" finished-at="2024-07-15T08:49:16 IST" duration-ms="33823">
    <groups>
    </groups>
    <test started-at="2024-07-15T08:48:42 IST" name="Test1" finished-at="2024-07-15T08:49:16 IST" duration-ms="33823">
      <class name="Flipkart.TestCasesFlipkart">
        <test-method is-config="true" signature="launchBrowser(java.lang.String)[pri:0, instance:Flipkart.TestCasesFlipkart@6b88ca8c]" started-at="2024-07-15T08:48:42 IST" name="launchBrowser" finished-at="2024-07-15T08:48:59 IST" duration-ms="17079" status="PASS">
          <params>
            <param index="0">
              <value>
                <![CDATA[chrome]]>
              </value>
            </param>
          </params>
          <reporter-output>
          </reporter-output>
        </test-method> <!-- launchBrowser -->
        <test-method signature="categoriesBelowSearch()[pri:1, instance:Flipkart.TestCasesFlipkart@6b88ca8c]" started-at="2024-07-15T08:48:59 IST" name="categoriesBelowSearch" description="Fetching all the categories below search bar" finished-at="2024-07-15T08:48:59 IST" duration-ms="84" status="PASS">
          <reporter-output>
          </reporter-output>
        </test-method> <!-- categoriesBelowSearch -->
        <test-method is-config="true" signature="ScreenshotOnTestFailure(org.testng.ITestResult)[pri:0, instance:Flipkart.TestCasesFlipkart@6b88ca8c]" started-at="2024-07-15T08:49:00 IST" name="ScreenshotOnTestFailure" finished-at="2024-07-15T08:49:00 IST" duration-ms="2" status="PASS">
          <params>
            <param index="0">
              <value>
                <![CDATA[[TestResult name=categoriesBelowSearch status=SUCCESS method=TestCasesFlipkart.categoriesBelowSearch()[pri:1, instance:Flipkart.TestCasesFlipkart@6b88ca8c] output={null}]]]>
              </value>
            </param>
          </params>
          <reporter-output>
          </reporter-output>
        </test-method> <!-- ScreenshotOnTestFailure -->
        <test-method signature="searchAndOpenProduct()[pri:2, instance:Flipkart.TestCasesFlipkart@6b88ca8c]" started-at="2024-07-15T08:49:00 IST" name="searchAndOpenProduct" description="Searching, selecting and opening details page of the product" finished-at="2024-07-15T08:49:06 IST" duration-ms="6153" status="PASS">
          <reporter-output>
          </reporter-output>
        </test-method> <!-- searchAndOpenProduct -->
        <test-method is-config="true" signature="ScreenshotOnTestFailure(org.testng.ITestResult)[pri:0, instance:Flipkart.TestCasesFlipkart@6b88ca8c]" started-at="2024-07-15T08:49:06 IST" name="ScreenshotOnTestFailure" finished-at="2024-07-15T08:49:06 IST" duration-ms="2" status="PASS">
          <params>
            <param index="0">
              <value>
                <![CDATA[[TestResult name=searchAndOpenProduct status=SUCCESS method=TestCasesFlipkart.searchAndOpenProduct()[pri:2, instance:Flipkart.TestCasesFlipkart@6b88ca8c] output={null}]]]>
              </value>
            </param>
          </params>
          <reporter-output>
          </reporter-output>
        </test-method> <!-- ScreenshotOnTestFailure -->
        <test-method signature="checkCompareModalAndSelectedDevice()[pri:3, instance:Flipkart.TestCasesFlipkart@6b88ca8c]" started-at="2024-07-15T08:49:06 IST" name="checkCompareModalAndSelectedDevice" description="Checking the compare checkbox &amp; validating if compare modal opens,Clicking on compare modal &amp; validating selected device is visible" finished-at="2024-07-15T08:49:06 IST" duration-ms="277" status="PASS">
          <reporter-output>
          </reporter-output>
        </test-method> <!-- checkCompareModalAndSelectedDevice -->
        <test-method is-config="true" signature="ScreenshotOnTestFailure(org.testng.ITestResult)[pri:0, instance:Flipkart.TestCasesFlipkart@6b88ca8c]" started-at="2024-07-15T08:49:06 IST" name="ScreenshotOnTestFailure" finished-at="2024-07-15T08:49:06 IST" duration-ms="2" status="PASS">
          <params>
            <param index="0">
              <value>
                <![CDATA[[TestResult name=checkCompareModalAndSelectedDevice status=SUCCESS method=TestCasesFlipkart.checkCompareModalAndSelectedDevice()[pri:3, instance:Flipkart.TestCasesFlipkart@6b88ca8c] output={null}]]]>
              </value>
            </param>
          </params>
          <reporter-output>
          </reporter-output>
        </test-method> <!-- ScreenshotOnTestFailure -->
        <test-method signature="addMoreProductsAndFetchRatings()[pri:4, instance:Flipkart.TestCasesFlipkart@6b88ca8c]" started-at="2024-07-15T08:49:06 IST" name="addMoreProductsAndFetchRatings" description="Adding more products and printing ratings and reviews" finished-at="2024-07-15T08:49:16 IST" duration-ms="9614" status="PASS">
          <reporter-output>
          </reporter-output>
        </test-method> <!-- addMoreProductsAndFetchRatings -->
        <test-method is-config="true" signature="ScreenshotOnTestFailure(org.testng.ITestResult)[pri:0, instance:Flipkart.TestCasesFlipkart@6b88ca8c]" started-at="2024-07-15T08:49:16 IST" name="ScreenshotOnTestFailure" finished-at="2024-07-15T08:49:16 IST" duration-ms="7" status="PASS">
          <params>
            <param index="0">
              <value>
                <![CDATA[[TestResult name=addMoreProductsAndFetchRatings status=SUCCESS method=TestCasesFlipkart.addMoreProductsAndFetchRatings()[pri:4, instance:Flipkart.TestCasesFlipkart@6b88ca8c] output={null}]]]>
              </value>
            </param>
          </params>
          <reporter-output>
          </reporter-output>
        </test-method> <!-- ScreenshotOnTestFailure -->
        <test-method is-config="true" signature="teardown()[pri:0, instance:Flipkart.TestCasesFlipkart@6b88ca8c]" started-at="2024-07-15T08:49:16 IST" name="teardown" finished-at="2024-07-15T08:49:16 IST" duration-ms="219" status="PASS">
          <reporter-output>
          </reporter-output>
        </test-method> <!-- teardown -->
      </class> <!-- Flipkart.TestCasesFlipkart -->
    </test> <!-- Test1 -->
  </suite> <!-- Suite1 -->
</testng-results>
